<?xml version="1.0" encoding="UTF-8"?>
<!-- Generated by org.testng.reporters.JUnitReportReporter -->
<testsuite hostname="LAPTOP-FPSA8RRF" failures="0" tests="1" name="com.internetbanking.testcases.TC_LoginTest_001" time="11.735" errors="0" timestamp="2021-01-20T12:31:46 IST" skipped="0">
  <testcase classname="com.internetbanking.testcases.TC_LoginTest_001" name="loginTest" time="11.735"/>
  <system-out/>
</testsuite> <!-- com.internetbanking.testcases.TC_LoginTest_001 -->
