<?xml version="1.0" encoding="UTF-8"?>
<!-- Generated by org.testng.reporters.JUnitReportReporter -->
<testsuite hostname="LAPTOP-FPSA8RRF" failures="0" tests="1" name="com.internetbankingv1.testcases.TC_LoginTest_001" time="8.384" errors="0" timestamp="2021-01-16T15:26:38 IST" skipped="0">
  <testcase classname="com.internetbankingv1.testcases.TC_LoginTest_001" name="loginTest" time="8.384"/>
  <system-out/>
</testsuite> <!-- com.internetbankingv1.testcases.TC_LoginTest_001 -->
