<?xml version="1.0" encoding="UTF-8"?>
<!-- Generated by org.testng.reporters.JUnitReportReporter -->
<testsuite hostname="LAPTOP-FPSA8RRF" failures="0" tests="1" name="com.internetbanking.testcases.TC_AddNewCustomer_003" time="13.575" errors="0" timestamp="2021-01-20T12:31:46 IST" skipped="0">
  <testcase classname="com.internetbanking.testcases.TC_AddNewCustomer_003" name="addNewCustomer" time="13.575"/>
  <system-out/>
</testsuite> <!-- com.internetbanking.testcases.TC_AddNewCustomer_003 -->
