<?xml version="1.0" encoding="UTF-8"?>
<!-- Generated by org.testng.reporters.JUnitReportReporter -->
<testsuite skipped="0" hostname="LAPTOP-FPSA8RRF" name="com.internetbanking.testcases.TC_AddNewCustomer_003" tests="1" failures="0" timestamp="2021-01-19T17:37:54 IST" time="12.652" errors="0">
  <testcase name="addNewCustomer" time="12.652" classname="com.internetbanking.testcases.TC_AddNewCustomer_003"/>
  <system-out/>
</testsuite> <!-- com.internetbanking.testcases.TC_AddNewCustomer_003 -->
