<?xml version="1.0" encoding="UTF-8"?>
<!-- Generated by org.testng.reporters.JUnitReportReporter -->
<testsuite skipped="0" hostname="LAPTOP-FPSA8RRF" name="com.internetbanking.testcases.TC_LoginTest_001" tests="1" failures="0" timestamp="2021-01-19T17:37:54 IST" time="7.877" errors="0">
  <testcase name="loginTest" time="7.877" classname="com.internetbanking.testcases.TC_LoginTest_001"/>
  <system-out/>
</testsuite> <!-- com.internetbanking.testcases.TC_LoginTest_001 -->
